<?xml version="1.0" encoding="UTF-8"?>
<!-- Generated by org.testng.reporters.JUnitXMLReporter -->
<testsuite ignored="0" hostname="PSL-78VL6Q3" failures="1" tests="14" name="Test" time="238.792" errors="0" timestamp="2022-10-07T18:19:28 IST">
  <testcase classname="combindTEst.HomePage1" name="logintc01" time="22.523"/>
  <testcase classname="combindTEst.HomePage1" name="logintc02" time="13.591"/>
  <testcase classname="combindTEst.HomePage1" name="logintc03" time="14.651"/>
  <testcase classname="combindTEst.HomePage1" name="searchtc01" time="4.285"/>
  <testcase classname="combindTEst.HomePage1" name="searchtc02" time="8.071"/>
  <testcase classname="combindTEst.HomePage1" name="searchtc03" time="12.697"/>
  <testcase classname="combindTEst.HomePage1" name="searchtc04" time="18.225"/>
  <testcase classname="combindTEst.HomePage1" name="bookingtc01" time="10.39"/>
  <testcase classname="combindTEst.HomePage1" name="bookingtc02" time="48.271"/>
  <testcase classname="combindTEst.HomePage1" name="bookingtc03" time="29.728"/>
  <testcase classname="combindTEst.HomePage1" name="pnrtc01" time="21.496"/>
  <testcase classname="combindTEst.HomePage1" name="pnrtc02" time="6.905"/>
  <testcase classname="combindTEst.HomePage1" name="pnrtc03" time="3.517">
    <failure type="org.openqa.selenium.ElementClickInterceptedException" message="element click intercepted: Element &amp;lt;input type=&amp;quot;button&amp;quot; style=&amp;quot;margin-top: 10px; cursor: auto&amp;quot; class=&amp;quot;btn btn-primary btn-md&amp;quot; value=&amp;quot;Submit&amp;quot; id=&amp;quot;submitPnrNo&amp;quot;&amp;gt; is not clickable at point (944, 402). Other element would receive the click: &amp;lt;img id=&amp;quot;messageDialog&amp;quot; decoding=&amp;quot;async&amp;quot; src=&amp;quot;https://dishav3.ap-south-1.linodeobjects.com/Thumbsup.gif&amp;quot; style=&amp;quot;width: 238px; max-width: 100%; overflow: hidden; backface-visibility: hidden; transition: all 0.3s ease 0s; cursor: pointer; z-index: 9; position: static; border-top-left-radius: 18px; border-top-right-radius: 18px; border-bottom-left-radius: 18px; display: block; border-bottom-right-radius: 0px !important;&amp;quot;&amp;gt;
  (Session info: chrome=106.0.5249.103)
Build info: version: &amp;apos;4.4.0&amp;apos;, revision: &amp;apos;e5c75ed026a&amp;apos;
System info: host: &amp;apos;PSL-78VL6Q3&amp;apos;, ip: &amp;apos;192.168.1.11&amp;apos;, os.name: &amp;apos;Windows 11&amp;apos;, os.arch: &amp;apos;amd64&amp;apos;, os.version: &amp;apos;10.0&amp;apos;, java.version: &amp;apos;18.0.1&amp;apos;
Driver info: org.openqa.selenium.chrome.ChromeDriver
Command: [3e9a47974477cfc984d3b309b083c31f, clickElement {id=c6b7c39d-d948-4961-88c4-615658c2981c}]
Capabilities {acceptInsecureCerts: false, browserName: chrome, browserVersion: 106.0.5249.103, chrome: {chromedriverVersion: 106.0.5249.61 (511755355844..., userDataDir: C:\Users\PIYUSH~1\AppData\L...}, goog:chromeOptions: {debuggerAddress: localhost:53268}, networkConnectionEnabled: false, pageLoadStrategy: normal, platformName: WINDOWS, proxy: Proxy(), se:cdp: ws://localhost:53268/devtoo..., se:cdpVersion: 106.0.5249.103, setWindowRect: true, strictFileInteractability: false, timeouts: {implicit: 0, pageLoad: 300000, script: 30000}, unhandledPromptBehavior: dismiss and notify, webauthn:extension:credBlob: true, webauthn:extension:largeBlob: true, webauthn:virtualAuthenticators: true}
Element: [[ChromeDriver: chrome on WINDOWS (3e9a47974477cfc984d3b309b083c31f)] -&amp;gt; id: submitPnrNo]
Session ID: 3e9a47974477cfc984d3b309b083c31f">
      <![CDATA[org.openqa.selenium.ElementClickInterceptedException: element click intercepted: Element <input type="button" style="margin-top: 10px; cursor: auto" class="btn btn-primary btn-md" value="Submit" id="submitPnrNo"> is not clickable at point (944, 402). Other element would receive the click: <img id="messageDialog" decoding="async" src="https://dishav3.ap-south-1.linodeobjects.com/Thumbsup.gif" style="width: 238px; max-width: 100%; overflow: hidden; backface-visibility: hidden; transition: all 0.3s ease 0s; cursor: pointer; z-index: 9; position: static; border-top-left-radius: 18px; border-top-right-radius: 18px; border-bottom-left-radius: 18px; display: block; border-bottom-right-radius: 0px !important;">
  (Session info: chrome=106.0.5249.103)
Build info: version: '4.4.0', revision: 'e5c75ed026a'
System info: host: 'PSL-78VL6Q3', ip: '192.168.1.11', os.name: 'Windows 11', os.arch: 'amd64', os.version: '10.0', java.version: '18.0.1'
Driver info: org.openqa.selenium.chrome.ChromeDriver
Command: [3e9a47974477cfc984d3b309b083c31f, clickElement {id=c6b7c39d-d948-4961-88c4-615658c2981c}]
Capabilities {acceptInsecureCerts: false, browserName: chrome, browserVersion: 106.0.5249.103, chrome: {chromedriverVersion: 106.0.5249.61 (511755355844..., userDataDir: C:\Users\PIYUSH~1\AppData\L...}, goog:chromeOptions: {debuggerAddress: localhost:53268}, networkConnectionEnabled: false, pageLoadStrategy: normal, platformName: WINDOWS, proxy: Proxy(), se:cdp: ws://localhost:53268/devtoo..., se:cdpVersion: 106.0.5249.103, setWindowRect: true, strictFileInteractability: false, timeouts: {implicit: 0, pageLoad: 300000, script: 30000}, unhandledPromptBehavior: dismiss and notify, webauthn:extension:credBlob: true, webauthn:extension:largeBlob: true, webauthn:virtualAuthenticators: true}
Element: [[ChromeDriver: chrome on WINDOWS (3e9a47974477cfc984d3b309b083c31f)] -> id: submitPnrNo]
Session ID: 3e9a47974477cfc984d3b309b083c31f
at org.openqa.selenium.remote.codec.w3c.W3CHttpResponseCodec.createException(W3CHttpResponseCodec.java:200)
at org.openqa.selenium.remote.codec.w3c.W3CHttpResponseCodec.decode(W3CHttpResponseCodec.java:133)
at org.openqa.selenium.remote.codec.w3c.W3CHttpResponseCodec.decode(W3CHttpResponseCodec.java:53)
at org.openqa.selenium.remote.HttpCommandExecutor.execute(HttpCommandExecutor.java:184)
at org.openqa.selenium.remote.service.DriverCommandExecutor.invokeExecute(DriverCommandExecutor.java:167)
at org.openqa.selenium.remote.service.DriverCommandExecutor.execute(DriverCommandExecutor.java:142)
at org.openqa.selenium.remote.RemoteWebDriver.execute(RemoteWebDriver.java:547)
at org.openqa.selenium.remote.RemoteWebElement.execute(RemoteWebElement.java:257)
at org.openqa.selenium.remote.RemoteWebElement.click(RemoteWebElement.java:78)
at org.openqa.selenium.support.pagefactory.internal.LocatingElementHandler.invoke(LocatingElementHandler.java:52)
at jdk.proxy2/jdk.proxy2.$Proxy19.click(Unknown Source)
at combined.IRCTC.captchaSubmitButton(IRCTC.java:260)
at combindTEst.HomePage1.pnrtc03(HomePage1.java:462)
at java.base/java.util.ArrayList.forEach(ArrayList.java:1511)
... Removed 30 stack frames]]>
    </failure>
  </testcase> <!-- pnrtc03 -->
  <testcase classname="combindTEst.HomePage1" name="canceltc" time="16.855"/>
</testsuite> <!-- Test -->
