<?xml version="1.0" encoding="UTF-8"?>
<!-- Generated by org.testng.reporters.JUnitReportReporter -->
<testsuite hostname="PSL-78VL6Q3" failures="0" tests="14" name="combindTEst.HomePage1" time="231.205" errors="1" timestamp="2022-10-07T18:19:29 IST" skipped="0">
  <testcase classname="combindTEst.HomePage1" name="logintc01" time="22.523"/>
  <system-out/>
  <testcase classname="combindTEst.HomePage1" name="logintc02" time="13.591"/>
  <system-out/>
  <testcase classname="combindTEst.HomePage1" name="logintc03" time="14.651"/>
  <system-out/>
  <testcase classname="combindTEst.HomePage1" name="searchtc01" time="4.285"/>
  <system-out/>
  <testcase classname="combindTEst.HomePage1" name="searchtc02" time="8.071"/>
  <system-out/>
  <testcase classname="combindTEst.HomePage1" name="searchtc03" time="12.697"/>
  <system-out/>
  <testcase classname="combindTEst.HomePage1" name="searchtc04" time="18.225"/>
  <system-out/>
  <testcase classname="combindTEst.HomePage1" name="bookingtc01" time="10.390"/>
  <system-out/>
  <testcase classname="combindTEst.HomePage1" name="bookingtc02" time="48.271"/>
  <system-out/>
  <testcase classname="combindTEst.HomePage1" name="bookingtc03" time="29.728"/>
  <system-out/>
  <testcase classname="combindTEst.HomePage1" name="pnrtc01" time="21.496"/>
  <system-out/>
  <testcase classname="combindTEst.HomePage1" name="pnrtc02" time="6.905"/>
  <system-out/>
  <testcase classname="combindTEst.HomePage1" name="pnrtc03" time="3.517">
    <error message="element click intercepted: Element &lt;input type=&quot;button&quot; style=&quot;margin-top: 10px; cursor: auto&quot; class=&quot;btn btn-primary btn-md&quot; value=&quot;Submit&quot; id=&quot;submitPnrNo&quot;&gt; is not clickable at point (944, 402). Other element would receive the click: &lt;img id=&quot;messageDialog&quot; decoding=&quot;async&quot; src=&quot;https://dishav3.ap-south-1.linodeobjects.com/Thumbsup.gif&quot; style=&quot;width: 238px; max-width: 100%; overflow: hidden; backface-visibility: hidden; transition: all 0.3s ease 0s; cursor: pointer; z-index: 9; position: static; border-top-left-radius: 18px; border-top-right-radius: 18px; border-bottom-left-radius: 18px; display: block; border-bottom-right-radius: 0px !important;&quot;&gt;
  (Session info: chrome=106.0.5249.103)
Build info: version: &#039;4.4.0&#039;, revision: &#039;e5c75ed026a&#039;
System info: host: &#039;PSL-78VL6Q3&#039;, ip: &#039;192.168.1.11&#039;, os.name: &#039;Windows 11&#039;, os.arch: &#039;amd64&#039;, os.version: &#039;10.0&#039;, java.version: &#039;18.0.1&#039;
Driver info: org.openqa.selenium.chrome.ChromeDriver
Command: [3e9a47974477cfc984d3b309b083c31f, clickElement {id=c6b7c39d-d948-4961-88c4-615658c2981c}]
Capabilities {acceptInsecureCerts: false, browserName: chrome, browserVersion: 106.0.5249.103, chrome: {chromedriverVersion: 106.0.5249.61 (511755355844..., userDataDir: C:\Users\PIYUSH~1\AppData\L...}, goog:chromeOptions: {debuggerAddress: localhost:53268}, networkConnectionEnabled: false, pageLoadStrategy: normal, platformName: WINDOWS, proxy: Proxy(), se:cdp: ws://localhost:53268/devtoo..., se:cdpVersion: 106.0.5249.103, setWindowRect: true, strictFileInteractability: false, timeouts: {implicit: 0, pageLoad: 300000, script: 30000}, unhandledPromptBehavior: dismiss and notify, webauthn:extension:credBlob: true, webauthn:extension:largeBlob: true, webauthn:virtualAuthenticators: true}
Element: [[ChromeDriver: chrome on WINDOWS (3e9a47974477cfc984d3b309b083c31f)] -&gt; id: submitPnrNo]
Session ID: 3e9a47974477cfc984d3b309b083c31f" type="org.openqa.selenium.ElementClickInterceptedException">
      <![CDATA[org.openqa.selenium.ElementClickInterceptedException: element click intercepted: Element <input type="button" style="margin-top: 10px; cursor: auto" class="btn btn-primary btn-md" value="Submit" id="submitPnrNo"> is not clickable at point (944, 402). Other element would receive the click: <img id="messageDialog" decoding="async" src="https://dishav3.ap-south-1.linodeobjects.com/Thumbsup.gif" style="width: 238px; max-width: 100%; overflow: hidden; backface-visibility: hidden; transition: all 0.3s ease 0s; cursor: pointer; z-index: 9; position: static; border-top-left-radius: 18px; border-top-right-radius: 18px; border-bottom-left-radius: 18px; display: block; border-bottom-right-radius: 0px !important;">
  (Session info: chrome=106.0.5249.103)
Build info: version: '4.4.0', revision: 'e5c75ed026a'
System info: host: 'PSL-78VL6Q3', ip: '192.168.1.11', os.name: 'Windows 11', os.arch: 'amd64', os.version: '10.0', java.version: '18.0.1'
Driver info: org.openqa.selenium.chrome.ChromeDriver
Command: [3e9a47974477cfc984d3b309b083c31f, clickElement {id=c6b7c39d-d948-4961-88c4-615658c2981c}]
Capabilities {acceptInsecureCerts: false, browserName: chrome, browserVersion: 106.0.5249.103, chrome: {chromedriverVersion: 106.0.5249.61 (511755355844..., userDataDir: C:\Users\PIYUSH~1\AppData\L...}, goog:chromeOptions: {debuggerAddress: localhost:53268}, networkConnectionEnabled: false, pageLoadStrategy: normal, platformName: WINDOWS, proxy: Proxy(), se:cdp: ws://localhost:53268/devtoo..., se:cdpVersion: 106.0.5249.103, setWindowRect: true, strictFileInteractability: false, timeouts: {implicit: 0, pageLoad: 300000, script: 30000}, unhandledPromptBehavior: dismiss and notify, webauthn:extension:credBlob: true, webauthn:extension:largeBlob: true, webauthn:virtualAuthenticators: true}
Element: [[ChromeDriver: chrome on WINDOWS (3e9a47974477cfc984d3b309b083c31f)] -> id: submitPnrNo]
Session ID: 3e9a47974477cfc984d3b309b083c31f
at java.base/jdk.internal.reflect.DirectConstructorHandleAccessor.newInstance(DirectConstructorHandleAccessor.java:67)
at java.base/java.lang.reflect.Constructor.newInstanceWithCaller(Constructor.java:499)
at java.base/java.lang.reflect.Constructor.newInstance(Constructor.java:483)
at org.openqa.selenium.remote.codec.w3c.W3CHttpResponseCodec.createException(W3CHttpResponseCodec.java:200)
at org.openqa.selenium.remote.codec.w3c.W3CHttpResponseCodec.decode(W3CHttpResponseCodec.java:133)
at org.openqa.selenium.remote.codec.w3c.W3CHttpResponseCodec.decode(W3CHttpResponseCodec.java:53)
at org.openqa.selenium.remote.HttpCommandExecutor.execute(HttpCommandExecutor.java:184)
at org.openqa.selenium.remote.service.DriverCommandExecutor.invokeExecute(DriverCommandExecutor.java:167)
at org.openqa.selenium.remote.service.DriverCommandExecutor.execute(DriverCommandExecutor.java:142)
at org.openqa.selenium.remote.RemoteWebDriver.execute(RemoteWebDriver.java:547)
at org.openqa.selenium.remote.RemoteWebElement.execute(RemoteWebElement.java:257)
at org.openqa.selenium.remote.RemoteWebElement.click(RemoteWebElement.java:78)
at java.base/jdk.internal.reflect.DirectMethodHandleAccessor.invoke(DirectMethodHandleAccessor.java:104)
at java.base/java.lang.reflect.Method.invoke(Method.java:577)
at org.openqa.selenium.support.pagefactory.internal.LocatingElementHandler.invoke(LocatingElementHandler.java:52)
at jdk.proxy2/jdk.proxy2.$Proxy19.click(Unknown Source)
at combined.IRCTC.captchaSubmitButton(IRCTC.java:260)
at combindTEst.HomePage1.pnrtc03(HomePage1.java:462)
at java.base/jdk.internal.reflect.DirectMethodHandleAccessor.invoke(DirectMethodHandleAccessor.java:104)
at java.base/java.lang.reflect.Method.invoke(Method.java:577)
at org.testng.internal.invokers.MethodInvocationHelper.invokeMethod(MethodInvocationHelper.java:139)
at org.testng.internal.invokers.TestInvoker.invokeMethod(TestInvoker.java:677)
at org.testng.internal.invokers.TestInvoker.invokeTestMethod(TestInvoker.java:221)
at org.testng.internal.invokers.MethodRunner.runInSequence(MethodRunner.java:50)
at org.testng.internal.invokers.TestInvoker$MethodInvocationAgent.invoke(TestInvoker.java:962)
at org.testng.internal.invokers.TestInvoker.invokeTestMethods(TestInvoker.java:194)
at org.testng.internal.invokers.TestMethodWorker.invokeTestMethods(TestMethodWorker.java:148)
at org.testng.internal.invokers.TestMethodWorker.run(TestMethodWorker.java:128)
at java.base/java.util.ArrayList.forEach(ArrayList.java:1511)
at org.testng.TestRunner.privateRun(TestRunner.java:806)
at org.testng.TestRunner.run(TestRunner.java:601)
at org.testng.SuiteRunner.runTest(SuiteRunner.java:433)
at org.testng.SuiteRunner.runSequentially(SuiteRunner.java:427)
at org.testng.SuiteRunner.privateRun(SuiteRunner.java:387)
at org.testng.SuiteRunner.run(SuiteRunner.java:330)
at org.testng.SuiteRunnerWorker.runSuite(SuiteRunnerWorker.java:52)
at org.testng.SuiteRunnerWorker.run(SuiteRunnerWorker.java:95)
at org.testng.TestNG.runSuitesSequentially(TestNG.java:1256)
at org.testng.TestNG.runSuitesLocally(TestNG.java:1176)
at org.testng.TestNG.runSuites(TestNG.java:1099)
at org.testng.TestNG.run(TestNG.java:1067)
at org.testng.remote.AbstractRemoteTestNG.run(AbstractRemoteTestNG.java:115)
at org.testng.remote.RemoteTestNG.initAndRun(RemoteTestNG.java:251)
at org.testng.remote.RemoteTestNG.main(RemoteTestNG.java:77)
]]>
    </error>
  </testcase> <!-- pnrtc03 -->
  <system-out/>
  <testcase classname="combindTEst.HomePage1" name="canceltc" time="16.855"/>
  <system-out/>
</testsuite> <!-- combindTEst.HomePage1 -->
